<?xml version="1.0" encoding="UTF-8"?>
<testng-results ignored="0" total="14" passed="6" failed="1" skipped="7">
  <reporter-output>
  </reporter-output>
  <suite started-at="2023-09-27T20:51:26 IST" name="Orange HRM Application" finished-at="2023-09-27T20:53:31 IST" duration-ms="125260">
    <groups>
      <group name="EndToEndTesting">
        <method signature="LoginPage.validateloginFunctionality(java.lang.String,java.lang.String)[pri:0, instance:TestLayer1.LoginPage@740cae06]" name="validateloginFunctionality" class="TestLayer1.LoginPage"/>
        <method signature="Homepage.homePageTitle()[pri:1, instance:TestLayer1.Homepage@2e3967ea]" name="homePageTitle" class="TestLayer1.Homepage"/>
        <method signature="Homepage.homePagrLogo()[pri:3, instance:TestLayer1.Homepage@2e3967ea]" name="homePagrLogo" class="TestLayer1.Homepage"/>
        <method signature="Homepage.homePagrUrl()[pri:2, instance:TestLayer1.Homepage@2e3967ea]" name="homePagrUrl" class="TestLayer1.Homepage"/>
        <method signature="PimPage.addMoreDetails()[pri:2, instance:TestLayer1.PimPage@26d9b808]" name="addMoreDetails" class="TestLayer1.PimPage"/>
        <method signature="PimPage.pimPageLink()[pri:1, instance:TestLayer1.PimPage@26d9b808]" name="pimPageLink" class="TestLayer1.PimPage"/>
        <method signature="EmployeeSearchPage.searchEmployeeByName()[pri:0, instance:TestLayer1.EmployeeSearchPage@4b0d79fc]" name="searchEmployeeByName" class="TestLayer1.EmployeeSearchPage"/>
        <method signature="LoginPage.validateloginFunctionality(java.lang.String,java.lang.String)[pri:0, instance:TestLayer1.LoginPage@d737b89]" name="validateloginFunctionality" class="TestLayer1.LoginPage"/>
        <method signature="Homepage.homePageTitle()[pri:1, instance:TestLayer1.Homepage@28261e8e]" name="homePageTitle" class="TestLayer1.Homepage"/>
        <method signature="Homepage.homePagrLogo()[pri:3, instance:TestLayer1.Homepage@28261e8e]" name="homePagrLogo" class="TestLayer1.Homepage"/>
        <method signature="Homepage.homePagrUrl()[pri:2, instance:TestLayer1.Homepage@28261e8e]" name="homePagrUrl" class="TestLayer1.Homepage"/>
        <method signature="PimPage.addMoreDetails()[pri:2, instance:TestLayer1.PimPage@8519cb4]" name="addMoreDetails" class="TestLayer1.PimPage"/>
        <method signature="PimPage.pimPageLink()[pri:1, instance:TestLayer1.PimPage@8519cb4]" name="pimPageLink" class="TestLayer1.PimPage"/>
        <method signature="EmployeeSearchPage.searchEmployeeByName()[pri:0, instance:TestLayer1.EmployeeSearchPage@7f485fda]" name="searchEmployeeByName" class="TestLayer1.EmployeeSearchPage"/>
      </group> <!-- EndToEndTesting -->
      <group name="EmployeeSearchPage">
        <method signature="EmployeeSearchPage.searchEmployeeByName()[pri:0, instance:TestLayer1.EmployeeSearchPage@4b0d79fc]" name="searchEmployeeByName" class="TestLayer1.EmployeeSearchPage"/>
        <method signature="EmployeeSearchPage.searchEmployeeByName()[pri:0, instance:TestLayer1.EmployeeSearchPage@7f485fda]" name="searchEmployeeByName" class="TestLayer1.EmployeeSearchPage"/>
      </group> <!-- EmployeeSearchPage -->
      <group name="HomePage">
        <method signature="Homepage.homePageTitle()[pri:1, instance:TestLayer1.Homepage@2e3967ea]" name="homePageTitle" class="TestLayer1.Homepage"/>
        <method signature="Homepage.homePagrLogo()[pri:3, instance:TestLayer1.Homepage@2e3967ea]" name="homePagrLogo" class="TestLayer1.Homepage"/>
        <method signature="Homepage.homePagrUrl()[pri:2, instance:TestLayer1.Homepage@2e3967ea]" name="homePagrUrl" class="TestLayer1.Homepage"/>
        <method signature="Homepage.homePageTitle()[pri:1, instance:TestLayer1.Homepage@28261e8e]" name="homePageTitle" class="TestLayer1.Homepage"/>
        <method signature="Homepage.homePagrLogo()[pri:3, instance:TestLayer1.Homepage@28261e8e]" name="homePagrLogo" class="TestLayer1.Homepage"/>
        <method signature="Homepage.homePagrUrl()[pri:2, instance:TestLayer1.Homepage@28261e8e]" name="homePagrUrl" class="TestLayer1.Homepage"/>
      </group> <!-- HomePage -->
      <group name="PimPage">
        <method signature="PimPage.addMoreDetails()[pri:2, instance:TestLayer1.PimPage@26d9b808]" name="addMoreDetails" class="TestLayer1.PimPage"/>
        <method signature="PimPage.pimPageLink()[pri:1, instance:TestLayer1.PimPage@26d9b808]" name="pimPageLink" class="TestLayer1.PimPage"/>
        <method signature="PimPage.addMoreDetails()[pri:2, instance:TestLayer1.PimPage@8519cb4]" name="addMoreDetails" class="TestLayer1.PimPage"/>
        <method signature="PimPage.pimPageLink()[pri:1, instance:TestLayer1.PimPage@8519cb4]" name="pimPageLink" class="TestLayer1.PimPage"/>
      </group> <!-- PimPage -->
      <group name="Loginpage">
        <method signature="LoginPage.validateloginFunctionality(java.lang.String,java.lang.String)[pri:0, instance:TestLayer1.LoginPage@740cae06]" name="validateloginFunctionality" class="TestLayer1.LoginPage"/>
        <method signature="LoginPage.validateloginFunctionality(java.lang.String,java.lang.String)[pri:0, instance:TestLayer1.LoginPage@d737b89]" name="validateloginFunctionality" class="TestLayer1.LoginPage"/>
      </group> <!-- Loginpage -->
    </groups>
    <test started-at="2023-09-27T20:51:26 IST" name="cross browser testing in chrome" finished-at="2023-09-27T20:51:58 IST" duration-ms="31552">
      <class name="TestLayer1.EmployeeSearchPage">
        <test-method signature="searchEmployeeByName()[pri:0, instance:TestLayer1.EmployeeSearchPage@7f485fda]" started-at="2023-09-27T20:51:58 IST" name="searchEmployeeByName" depends-on-groups="PimPage" finished-at="2023-09-27T20:51:58 IST" duration-ms="0" status="SKIP">
          <exception class="java.lang.Throwable">
            <message>
              <![CDATA[Method EmployeeSearchPage.searchEmployeeByName()[pri:0, instance:TestLayer1.EmployeeSearchPage@7f485fda] depends on not successfully finished methods in group "PimPage"]]>
            </message>
            <full-stacktrace>
              <![CDATA[java.lang.Throwable: Method EmployeeSearchPage.searchEmployeeByName()[pri:0, instance:TestLayer1.EmployeeSearchPage@7f485fda] depends on not successfully finished methods in group "PimPage"
at org.testng.internal.TestInvoker.invokeTestMethods(TestInvoker.java:102)
at org.testng.internal.TestMethodWorker.invokeTestMethods(TestMethodWorker.java:146)
at org.testng.internal.TestMethodWorker.run(TestMethodWorker.java:128)
at java.base/java.util.ArrayList.forEach(ArrayList.java:1541)
at org.testng.TestRunner.privateRun(TestRunner.java:794)
at org.testng.TestRunner.run(TestRunner.java:596)
at org.testng.SuiteRunner.runTest(SuiteRunner.java:377)
at org.testng.SuiteRunner.access$000(SuiteRunner.java:28)
at org.testng.SuiteRunner$SuiteWorker.run(SuiteRunner.java:418)
at org.testng.internal.thread.ThreadUtil.lambda$execute$0(ThreadUtil.java:64)
at java.base/java.util.concurrent.FutureTask.run(FutureTask.java:264)
at java.base/java.util.concurrent.ThreadPoolExecutor.runWorker(ThreadPoolExecutor.java:1128)
at java.base/java.util.concurrent.ThreadPoolExecutor$Worker.run(ThreadPoolExecutor.java:628)
at java.base/java.lang.Thread.run(Thread.java:834)
]]>
            </full-stacktrace>
          </exception> <!-- java.lang.Throwable -->
          <reporter-output>
          </reporter-output>
        </test-method> <!-- searchEmployeeByName -->
      </class> <!-- TestLayer1.EmployeeSearchPage -->
      <class name="TestLayer1.Homepage">
        <test-method signature="homePageTitle()[pri:1, instance:TestLayer1.Homepage@28261e8e]" started-at="2023-09-27T20:51:58 IST" name="homePageTitle" depends-on-groups="Loginpage" finished-at="2023-09-27T20:51:58 IST" duration-ms="0" status="SKIP">
          <exception class="java.lang.Throwable">
            <message>
              <![CDATA[Method Homepage.homePageTitle()[pri:1, instance:TestLayer1.Homepage@28261e8e] depends on not successfully finished methods in group "Loginpage"]]>
            </message>
            <full-stacktrace>
              <![CDATA[java.lang.Throwable: Method Homepage.homePageTitle()[pri:1, instance:TestLayer1.Homepage@28261e8e] depends on not successfully finished methods in group "Loginpage"
at org.testng.internal.TestInvoker.invokeTestMethods(TestInvoker.java:102)
at org.testng.internal.TestMethodWorker.invokeTestMethods(TestMethodWorker.java:146)
at org.testng.internal.TestMethodWorker.run(TestMethodWorker.java:128)
at java.base/java.util.ArrayList.forEach(ArrayList.java:1541)
at org.testng.TestRunner.privateRun(TestRunner.java:794)
at org.testng.TestRunner.run(TestRunner.java:596)
at org.testng.SuiteRunner.runTest(SuiteRunner.java:377)
at org.testng.SuiteRunner.access$000(SuiteRunner.java:28)
at org.testng.SuiteRunner$SuiteWorker.run(SuiteRunner.java:418)
at org.testng.internal.thread.ThreadUtil.lambda$execute$0(ThreadUtil.java:64)
at java.base/java.util.concurrent.FutureTask.run(FutureTask.java:264)
at java.base/java.util.concurrent.ThreadPoolExecutor.runWorker(ThreadPoolExecutor.java:1128)
at java.base/java.util.concurrent.ThreadPoolExecutor$Worker.run(ThreadPoolExecutor.java:628)
at java.base/java.lang.Thread.run(Thread.java:834)
]]>
            </full-stacktrace>
          </exception> <!-- java.lang.Throwable -->
          <reporter-output>
          </reporter-output>
        </test-method> <!-- homePageTitle -->
        <test-method signature="homePagrUrl()[pri:2, instance:TestLayer1.Homepage@28261e8e]" started-at="2023-09-27T20:51:58 IST" name="homePagrUrl" depends-on-groups="Loginpage" finished-at="2023-09-27T20:51:58 IST" duration-ms="0" status="SKIP">
          <exception class="java.lang.Throwable">
            <message>
              <![CDATA[Method Homepage.homePagrUrl()[pri:2, instance:TestLayer1.Homepage@28261e8e] depends on not successfully finished methods in group "Loginpage"]]>
            </message>
            <full-stacktrace>
              <![CDATA[java.lang.Throwable: Method Homepage.homePagrUrl()[pri:2, instance:TestLayer1.Homepage@28261e8e] depends on not successfully finished methods in group "Loginpage"
at org.testng.internal.TestInvoker.invokeTestMethods(TestInvoker.java:102)
at org.testng.internal.TestMethodWorker.invokeTestMethods(TestMethodWorker.java:146)
at org.testng.internal.TestMethodWorker.run(TestMethodWorker.java:128)
at java.base/java.util.ArrayList.forEach(ArrayList.java:1541)
at org.testng.TestRunner.privateRun(TestRunner.java:794)
at org.testng.TestRunner.run(TestRunner.java:596)
at org.testng.SuiteRunner.runTest(SuiteRunner.java:377)
at org.testng.SuiteRunner.access$000(SuiteRunner.java:28)
at org.testng.SuiteRunner$SuiteWorker.run(SuiteRunner.java:418)
at org.testng.internal.thread.ThreadUtil.lambda$execute$0(ThreadUtil.java:64)
at java.base/java.util.concurrent.FutureTask.run(FutureTask.java:264)
at java.base/java.util.concurrent.ThreadPoolExecutor.runWorker(ThreadPoolExecutor.java:1128)
at java.base/java.util.concurrent.ThreadPoolExecutor$Worker.run(ThreadPoolExecutor.java:628)
at java.base/java.lang.Thread.run(Thread.java:834)
]]>
            </full-stacktrace>
          </exception> <!-- java.lang.Throwable -->
          <reporter-output>
          </reporter-output>
        </test-method> <!-- homePagrUrl -->
        <test-method signature="homePagrLogo()[pri:3, instance:TestLayer1.Homepage@28261e8e]" started-at="2023-09-27T20:51:58 IST" name="homePagrLogo" depends-on-groups="Loginpage" finished-at="2023-09-27T20:51:58 IST" duration-ms="0" status="SKIP">
          <exception class="java.lang.Throwable">
            <message>
              <![CDATA[Method Homepage.homePagrLogo()[pri:3, instance:TestLayer1.Homepage@28261e8e] depends on not successfully finished methods in group "Loginpage"]]>
            </message>
            <full-stacktrace>
              <![CDATA[java.lang.Throwable: Method Homepage.homePagrLogo()[pri:3, instance:TestLayer1.Homepage@28261e8e] depends on not successfully finished methods in group "Loginpage"
at org.testng.internal.TestInvoker.invokeTestMethods(TestInvoker.java:102)
at org.testng.internal.TestMethodWorker.invokeTestMethods(TestMethodWorker.java:146)
at org.testng.internal.TestMethodWorker.run(TestMethodWorker.java:128)
at java.base/java.util.ArrayList.forEach(ArrayList.java:1541)
at org.testng.TestRunner.privateRun(TestRunner.java:794)
at org.testng.TestRunner.run(TestRunner.java:596)
at org.testng.SuiteRunner.runTest(SuiteRunner.java:377)
at org.testng.SuiteRunner.access$000(SuiteRunner.java:28)
at org.testng.SuiteRunner$SuiteWorker.run(SuiteRunner.java:418)
at org.testng.internal.thread.ThreadUtil.lambda$execute$0(ThreadUtil.java:64)
at java.base/java.util.concurrent.FutureTask.run(FutureTask.java:264)
at java.base/java.util.concurrent.ThreadPoolExecutor.runWorker(ThreadPoolExecutor.java:1128)
at java.base/java.util.concurrent.ThreadPoolExecutor$Worker.run(ThreadPoolExecutor.java:628)
at java.base/java.lang.Thread.run(Thread.java:834)
]]>
            </full-stacktrace>
          </exception> <!-- java.lang.Throwable -->
          <reporter-output>
          </reporter-output>
        </test-method> <!-- homePagrLogo -->
      </class> <!-- TestLayer1.Homepage -->
      <class name="TestLayer1.LoginPage">
        <test-method is-config="true" signature="setup(java.lang.String)[pri:0, instance:TestLayer1.LoginPage@d737b89]" started-at="2023-09-27T20:51:26 IST" name="setup" finished-at="2023-09-27T20:51:57 IST" duration-ms="31244" status="FAIL">
          <params>
            <param index="0">
              <value>
                <![CDATA[chrome]]>
              </value>
            </param>
          </params>
          <exception class="org.openqa.selenium.SessionNotCreatedException">
            <message>
              <![CDATA[Could not start a new session. Response code 500. Message: session not created: This version of ChromeDriver only supports Chrome version 114
Current browser version is 117.0.5938.92 with binary path C:\Program Files\Google\Chrome\Application\chrome.exe 
Host info: host: 'DESKTOP-355R97V', ip: '192.168.0.106'
Build info: version: '4.9.0', revision: 'd7057100a6'
System info: os.name: 'Windows 10', os.arch: 'amd64', os.version: '10.0', java.version: '11.0.18'
Driver info: org.openqa.selenium.chrome.ChromeDriver
Command: [null, newSession {capabilities=[Capabilities {browserName: chrome, goog:chromeOptions: {args: [--remote-allow-origins=*], extensions: []}}]}]]]>
            </message>
            <full-stacktrace>
              <![CDATA[org.openqa.selenium.SessionNotCreatedException: Could not start a new session. Response code 500. Message: session not created: This version of ChromeDriver only supports Chrome version 114
Current browser version is 117.0.5938.92 with binary path C:\Program Files\Google\Chrome\Application\chrome.exe 
Host info: host: 'DESKTOP-355R97V', ip: '192.168.0.106'
Build info: version: '4.9.0', revision: 'd7057100a6'
System info: os.name: 'Windows 10', os.arch: 'amd64', os.version: '10.0', java.version: '11.0.18'
Driver info: org.openqa.selenium.chrome.ChromeDriver
Command: [null, newSession {capabilities=[Capabilities {browserName: chrome, goog:chromeOptions: {args: [--remote-allow-origins=*], extensions: []}}]}]
at org.openqa.selenium.remote.ProtocolHandshake.createSession(ProtocolHandshake.java:136)
at org.openqa.selenium.remote.ProtocolHandshake.createSession(ProtocolHandshake.java:94)
at org.openqa.selenium.remote.ProtocolHandshake.createSession(ProtocolHandshake.java:68)
at org.openqa.selenium.remote.HttpCommandExecutor.execute(HttpCommandExecutor.java:165)
at org.openqa.selenium.remote.service.DriverCommandExecutor.invokeExecute(DriverCommandExecutor.java:183)
at org.openqa.selenium.remote.service.DriverCommandExecutor.execute(DriverCommandExecutor.java:158)
at org.openqa.selenium.remote.RemoteWebDriver.execute(RemoteWebDriver.java:543)
at org.openqa.selenium.remote.RemoteWebDriver.startSession(RemoteWebDriver.java:229)
at org.openqa.selenium.remote.RemoteWebDriver.<init>(RemoteWebDriver.java:157)
at org.openqa.selenium.chromium.ChromiumDriver.<init>(ChromiumDriver.java:101)
at org.openqa.selenium.chrome.ChromeDriver.<init>(ChromeDriver.java:88)
at org.openqa.selenium.chrome.ChromeDriver.<init>(ChromeDriver.java:84)
at org.openqa.selenium.chrome.ChromeDriver.<init>(ChromeDriver.java:52)
at BaseLayer1.BaseClass.initialization(BaseClass.java:24)
at TestLayer1.LoginPage.setup(LoginPage.java:19)
at java.base/jdk.internal.reflect.NativeMethodAccessorImpl.invoke0(Native Method)
at java.base/jdk.internal.reflect.NativeMethodAccessorImpl.invoke(NativeMethodAccessorImpl.java:62)
at java.base/jdk.internal.reflect.DelegatingMethodAccessorImpl.invoke(DelegatingMethodAccessorImpl.java:43)
at java.base/java.lang.reflect.Method.invoke(Method.java:566)
at org.testng.internal.MethodInvocationHelper.invokeMethod(MethodInvocationHelper.java:133)
at org.testng.internal.MethodInvocationHelper.invokeMethodConsideringTimeout(MethodInvocationHelper.java:62)
at org.testng.internal.ConfigInvoker.invokeConfigurationMethod(ConfigInvoker.java:385)
at org.testng.internal.ConfigInvoker.invokeConfigurations(ConfigInvoker.java:321)
at org.testng.TestRunner.invokeTestConfigurations(TestRunner.java:637)
at org.testng.TestRunner.beforeRun(TestRunner.java:627)
at org.testng.TestRunner.run(TestRunner.java:589)
at org.testng.SuiteRunner.runTest(SuiteRunner.java:377)
at org.testng.SuiteRunner.access$000(SuiteRunner.java:28)
at org.testng.SuiteRunner$SuiteWorker.run(SuiteRunner.java:418)
at org.testng.internal.thread.ThreadUtil.lambda$execute$0(ThreadUtil.java:64)
at java.base/java.util.concurrent.FutureTask.run(FutureTask.java:264)
at java.base/java.util.concurrent.ThreadPoolExecutor.runWorker(ThreadPoolExecutor.java:1128)
at java.base/java.util.concurrent.ThreadPoolExecutor$Worker.run(ThreadPoolExecutor.java:628)
at java.base/java.lang.Thread.run(Thread.java:834)
]]>
            </full-stacktrace>
          </exception> <!-- org.openqa.selenium.SessionNotCreatedException -->
          <reporter-output>
          </reporter-output>
        </test-method> <!-- setup -->
        <test-method signature="validateloginFunctionality(java.lang.String,java.lang.String)[pri:0, instance:TestLayer1.LoginPage@d737b89]" started-at="2023-09-27T20:51:58 IST" name="validateloginFunctionality" finished-at="2023-09-27T20:51:58 IST" duration-ms="0" status="SKIP">
          <params>
            <param index="0">
              <value>
                <![CDATA[Admin]]>
              </value>
            </param>
            <param index="1">
              <value>
                <![CDATA[admin123]]>
              </value>
            </param>
          </params>
          <exception class="org.openqa.selenium.SessionNotCreatedException">
            <message>
              <![CDATA[Could not start a new session. Response code 500. Message: session not created: This version of ChromeDriver only supports Chrome version 114
Current browser version is 117.0.5938.92 with binary path C:\Program Files\Google\Chrome\Application\chrome.exe 
Host info: host: 'DESKTOP-355R97V', ip: '192.168.0.106'
Build info: version: '4.9.0', revision: 'd7057100a6'
System info: os.name: 'Windows 10', os.arch: 'amd64', os.version: '10.0', java.version: '11.0.18'
Driver info: org.openqa.selenium.chrome.ChromeDriver
Command: [null, newSession {capabilities=[Capabilities {browserName: chrome, goog:chromeOptions: {args: [--remote-allow-origins=*], extensions: []}}]}]]]>
            </message>
            <full-stacktrace>
              <![CDATA[org.openqa.selenium.SessionNotCreatedException: Could not start a new session. Response code 500. Message: session not created: This version of ChromeDriver only supports Chrome version 114
Current browser version is 117.0.5938.92 with binary path C:\Program Files\Google\Chrome\Application\chrome.exe 
Host info: host: 'DESKTOP-355R97V', ip: '192.168.0.106'
Build info: version: '4.9.0', revision: 'd7057100a6'
System info: os.name: 'Windows 10', os.arch: 'amd64', os.version: '10.0', java.version: '11.0.18'
Driver info: org.openqa.selenium.chrome.ChromeDriver
Command: [null, newSession {capabilities=[Capabilities {browserName: chrome, goog:chromeOptions: {args: [--remote-allow-origins=*], extensions: []}}]}]
at org.openqa.selenium.remote.ProtocolHandshake.createSession(ProtocolHandshake.java:136)
at org.openqa.selenium.remote.ProtocolHandshake.createSession(ProtocolHandshake.java:94)
at org.openqa.selenium.remote.ProtocolHandshake.createSession(ProtocolHandshake.java:68)
at org.openqa.selenium.remote.HttpCommandExecutor.execute(HttpCommandExecutor.java:165)
at org.openqa.selenium.remote.service.DriverCommandExecutor.invokeExecute(DriverCommandExecutor.java:183)
at org.openqa.selenium.remote.service.DriverCommandExecutor.execute(DriverCommandExecutor.java:158)
at org.openqa.selenium.remote.RemoteWebDriver.execute(RemoteWebDriver.java:543)
at org.openqa.selenium.remote.RemoteWebDriver.startSession(RemoteWebDriver.java:229)
at org.openqa.selenium.remote.RemoteWebDriver.<init>(RemoteWebDriver.java:157)
at org.openqa.selenium.chromium.ChromiumDriver.<init>(ChromiumDriver.java:101)
at org.openqa.selenium.chrome.ChromeDriver.<init>(ChromeDriver.java:88)
at org.openqa.selenium.chrome.ChromeDriver.<init>(ChromeDriver.java:84)
at org.openqa.selenium.chrome.ChromeDriver.<init>(ChromeDriver.java:52)
at BaseLayer1.BaseClass.initialization(BaseClass.java:24)
at TestLayer1.LoginPage.setup(LoginPage.java:19)
at java.base/jdk.internal.reflect.NativeMethodAccessorImpl.invoke0(Native Method)
at java.base/jdk.internal.reflect.NativeMethodAccessorImpl.invoke(NativeMethodAccessorImpl.java:62)
at java.base/jdk.internal.reflect.DelegatingMethodAccessorImpl.invoke(DelegatingMethodAccessorImpl.java:43)
at java.base/java.lang.reflect.Method.invoke(Method.java:566)
at org.testng.internal.MethodInvocationHelper.invokeMethod(MethodInvocationHelper.java:133)
at org.testng.internal.MethodInvocationHelper.invokeMethodConsideringTimeout(MethodInvocationHelper.java:62)
at org.testng.internal.ConfigInvoker.invokeConfigurationMethod(ConfigInvoker.java:385)
at org.testng.internal.ConfigInvoker.invokeConfigurations(ConfigInvoker.java:321)
at org.testng.TestRunner.invokeTestConfigurations(TestRunner.java:637)
at org.testng.TestRunner.beforeRun(TestRunner.java:627)
at org.testng.TestRunner.run(TestRunner.java:589)
at org.testng.SuiteRunner.runTest(SuiteRunner.java:377)
at org.testng.SuiteRunner.access$000(SuiteRunner.java:28)
at org.testng.SuiteRunner$SuiteWorker.run(SuiteRunner.java:418)
at org.testng.internal.thread.ThreadUtil.lambda$execute$0(ThreadUtil.java:64)
at java.base/java.util.concurrent.FutureTask.run(FutureTask.java:264)
at java.base/java.util.concurrent.ThreadPoolExecutor.runWorker(ThreadPoolExecutor.java:1128)
at java.base/java.util.concurrent.ThreadPoolExecutor$Worker.run(ThreadPoolExecutor.java:628)
at java.base/java.lang.Thread.run(Thread.java:834)
]]>
            </full-stacktrace>
          </exception> <!-- org.openqa.selenium.SessionNotCreatedException -->
          <reporter-output>
          </reporter-output>
        </test-method> <!-- validateloginFunctionality -->
      </class> <!-- TestLayer1.LoginPage -->
      <class name="TestLayer1.PimPage">
        <test-method signature="pimPageLink()[pri:1, instance:TestLayer1.PimPage@8519cb4]" started-at="2023-09-27T20:51:58 IST" name="pimPageLink" depends-on-groups="HomePage" finished-at="2023-09-27T20:51:58 IST" duration-ms="0" status="SKIP">
          <exception class="java.lang.Throwable">
            <message>
              <![CDATA[Method PimPage.pimPageLink()[pri:1, instance:TestLayer1.PimPage@8519cb4] depends on not successfully finished methods in group "HomePage"]]>
            </message>
            <full-stacktrace>
              <![CDATA[java.lang.Throwable: Method PimPage.pimPageLink()[pri:1, instance:TestLayer1.PimPage@8519cb4] depends on not successfully finished methods in group "HomePage"
at org.testng.internal.TestInvoker.invokeTestMethods(TestInvoker.java:102)
at org.testng.internal.TestMethodWorker.invokeTestMethods(TestMethodWorker.java:146)
at org.testng.internal.TestMethodWorker.run(TestMethodWorker.java:128)
at java.base/java.util.ArrayList.forEach(ArrayList.java:1541)
at org.testng.TestRunner.privateRun(TestRunner.java:794)
at org.testng.TestRunner.run(TestRunner.java:596)
at org.testng.SuiteRunner.runTest(SuiteRunner.java:377)
at org.testng.SuiteRunner.access$000(SuiteRunner.java:28)
at org.testng.SuiteRunner$SuiteWorker.run(SuiteRunner.java:418)
at org.testng.internal.thread.ThreadUtil.lambda$execute$0(ThreadUtil.java:64)
at java.base/java.util.concurrent.FutureTask.run(FutureTask.java:264)
at java.base/java.util.concurrent.ThreadPoolExecutor.runWorker(ThreadPoolExecutor.java:1128)
at java.base/java.util.concurrent.ThreadPoolExecutor$Worker.run(ThreadPoolExecutor.java:628)
at java.base/java.lang.Thread.run(Thread.java:834)
]]>
            </full-stacktrace>
          </exception> <!-- java.lang.Throwable -->
          <reporter-output>
          </reporter-output>
        </test-method> <!-- pimPageLink -->
        <test-method signature="addMoreDetails()[pri:2, instance:TestLayer1.PimPage@8519cb4]" started-at="2023-09-27T20:51:58 IST" name="addMoreDetails" depends-on-groups="HomePage" finished-at="2023-09-27T20:51:58 IST" duration-ms="0" status="SKIP">
          <exception class="java.lang.Throwable">
            <message>
              <![CDATA[Method PimPage.addMoreDetails()[pri:2, instance:TestLayer1.PimPage@8519cb4] depends on not successfully finished methods in group "HomePage"]]>
            </message>
            <full-stacktrace>
              <![CDATA[java.lang.Throwable: Method PimPage.addMoreDetails()[pri:2, instance:TestLayer1.PimPage@8519cb4] depends on not successfully finished methods in group "HomePage"
at org.testng.internal.TestInvoker.invokeTestMethods(TestInvoker.java:102)
at org.testng.internal.TestMethodWorker.invokeTestMethods(TestMethodWorker.java:146)
at org.testng.internal.TestMethodWorker.run(TestMethodWorker.java:128)
at java.base/java.util.ArrayList.forEach(ArrayList.java:1541)
at org.testng.TestRunner.privateRun(TestRunner.java:794)
at org.testng.TestRunner.run(TestRunner.java:596)
at org.testng.SuiteRunner.runTest(SuiteRunner.java:377)
at org.testng.SuiteRunner.access$000(SuiteRunner.java:28)
at org.testng.SuiteRunner$SuiteWorker.run(SuiteRunner.java:418)
at org.testng.internal.thread.ThreadUtil.lambda$execute$0(ThreadUtil.java:64)
at java.base/java.util.concurrent.FutureTask.run(FutureTask.java:264)
at java.base/java.util.concurrent.ThreadPoolExecutor.runWorker(ThreadPoolExecutor.java:1128)
at java.base/java.util.concurrent.ThreadPoolExecutor$Worker.run(ThreadPoolExecutor.java:628)
at java.base/java.lang.Thread.run(Thread.java:834)
]]>
            </full-stacktrace>
          </exception> <!-- java.lang.Throwable -->
          <reporter-output>
          </reporter-output>
        </test-method> <!-- addMoreDetails -->
      </class> <!-- TestLayer1.PimPage -->
    </test> <!-- cross browser testing in chrome -->
    <test started-at="2023-09-27T20:51:26 IST" name="cross browser testing in edge" finished-at="2023-09-27T20:53:31 IST" duration-ms="125260">
      <class name="TestLayer1.EmployeeSearchPage">
        <test-method signature="searchEmployeeByName()[pri:0, instance:TestLayer1.EmployeeSearchPage@4b0d79fc]" started-at="2023-09-27T20:53:16 IST" name="searchEmployeeByName" depends-on-groups="PimPage" finished-at="2023-09-27T20:53:31 IST" duration-ms="15010" status="FAIL">
          <exception class="java.lang.NullPointerException">
            <full-stacktrace>
              <![CDATA[java.lang.NullPointerException
at TestLayer1.EmployeeSearchPage.searchEmployeeByName(EmployeeSearchPage.java:13)
at java.base/jdk.internal.reflect.NativeMethodAccessorImpl.invoke0(Native Method)
at java.base/jdk.internal.reflect.NativeMethodAccessorImpl.invoke(NativeMethodAccessorImpl.java:62)
at java.base/jdk.internal.reflect.DelegatingMethodAccessorImpl.invoke(DelegatingMethodAccessorImpl.java:43)
at java.base/java.lang.reflect.Method.invoke(Method.java:566)
at org.testng.internal.MethodInvocationHelper.invokeMethod(MethodInvocationHelper.java:133)
at org.testng.internal.TestInvoker.invokeMethod(TestInvoker.java:598)
at org.testng.internal.TestInvoker.invokeTestMethod(TestInvoker.java:173)
at org.testng.internal.MethodRunner.runInSequence(MethodRunner.java:46)
at org.testng.internal.TestInvoker$MethodInvocationAgent.invoke(TestInvoker.java:824)
at org.testng.internal.TestInvoker.invokeTestMethods(TestInvoker.java:146)
at org.testng.internal.TestMethodWorker.invokeTestMethods(TestMethodWorker.java:146)
at org.testng.internal.TestMethodWorker.run(TestMethodWorker.java:128)
at java.base/java.util.ArrayList.forEach(ArrayList.java:1541)
at org.testng.TestRunner.privateRun(TestRunner.java:794)
at org.testng.TestRunner.run(TestRunner.java:596)
at org.testng.SuiteRunner.runTest(SuiteRunner.java:377)
at org.testng.SuiteRunner.access$000(SuiteRunner.java:28)
at org.testng.SuiteRunner$SuiteWorker.run(SuiteRunner.java:418)
at org.testng.internal.thread.ThreadUtil.lambda$execute$0(ThreadUtil.java:64)
at java.base/java.util.concurrent.FutureTask.run(FutureTask.java:264)
at java.base/java.util.concurrent.ThreadPoolExecutor.runWorker(ThreadPoolExecutor.java:1128)
at java.base/java.util.concurrent.ThreadPoolExecutor$Worker.run(ThreadPoolExecutor.java:628)
at java.base/java.lang.Thread.run(Thread.java:834)
]]>
            </full-stacktrace>
          </exception> <!-- java.lang.NullPointerException -->
          <reporter-output>
          </reporter-output>
        </test-method> <!-- searchEmployeeByName -->
      </class> <!-- TestLayer1.EmployeeSearchPage -->
      <class name="TestLayer1.Homepage">
        <test-method signature="homePageTitle()[pri:1, instance:TestLayer1.Homepage@2e3967ea]" started-at="2023-09-27T20:52:24 IST" name="homePageTitle" depends-on-groups="Loginpage" finished-at="2023-09-27T20:52:25 IST" duration-ms="1503" status="PASS">
          <reporter-output>
          </reporter-output>
        </test-method> <!-- homePageTitle -->
        <test-method signature="homePagrUrl()[pri:2, instance:TestLayer1.Homepage@2e3967ea]" started-at="2023-09-27T20:52:25 IST" name="homePagrUrl" depends-on-groups="Loginpage" finished-at="2023-09-27T20:52:25 IST" duration-ms="17" status="PASS">
          <reporter-output>
          </reporter-output>
        </test-method> <!-- homePagrUrl -->
        <test-method signature="homePagrLogo()[pri:3, instance:TestLayer1.Homepage@2e3967ea]" started-at="2023-09-27T20:52:25 IST" name="homePagrLogo" depends-on-groups="Loginpage" finished-at="2023-09-27T20:52:26 IST" duration-ms="479" status="PASS">
          <reporter-output>
          </reporter-output>
        </test-method> <!-- homePagrLogo -->
      </class> <!-- TestLayer1.Homepage -->
      <class name="TestLayer1.LoginPage">
        <test-method is-config="true" signature="setup(java.lang.String)[pri:0, instance:TestLayer1.LoginPage@740cae06]" started-at="2023-09-27T20:51:26 IST" name="setup" finished-at="2023-09-27T20:52:08 IST" duration-ms="41644" status="PASS">
          <params>
            <param index="0">
              <value>
                <![CDATA[edge]]>
              </value>
            </param>
          </params>
          <reporter-output>
          </reporter-output>
        </test-method> <!-- setup -->
        <test-method signature="validateloginFunctionality(java.lang.String,java.lang.String)[pri:0, instance:TestLayer1.LoginPage@740cae06]" started-at="2023-09-27T20:52:08 IST" name="validateloginFunctionality" finished-at="2023-09-27T20:52:24 IST" duration-ms="15616" status="PASS">
          <params>
            <param index="0">
              <value>
                <![CDATA[Admin]]>
              </value>
            </param>
            <param index="1">
              <value>
                <![CDATA[admin123]]>
              </value>
            </param>
          </params>
          <reporter-output>
          </reporter-output>
        </test-method> <!-- validateloginFunctionality -->
      </class> <!-- TestLayer1.LoginPage -->
      <class name="TestLayer1.PimPage">
        <test-method signature="pimPageLink()[pri:1, instance:TestLayer1.PimPage@26d9b808]" started-at="2023-09-27T20:52:26 IST" name="pimPageLink" depends-on-groups="HomePage" finished-at="2023-09-27T20:53:00 IST" duration-ms="34025" status="PASS">
          <reporter-output>
          </reporter-output>
        </test-method> <!-- pimPageLink -->
        <test-method signature="addMoreDetails()[pri:2, instance:TestLayer1.PimPage@26d9b808]" started-at="2023-09-27T20:53:00 IST" name="addMoreDetails" depends-on-groups="HomePage" finished-at="2023-09-27T20:53:16 IST" duration-ms="16888" status="PASS">
          <reporter-output>
          </reporter-output>
        </test-method> <!-- addMoreDetails -->
      </class> <!-- TestLayer1.PimPage -->
    </test> <!-- cross browser testing in edge -->
  </suite> <!-- Orange HRM Application -->
</testng-results>
